<?xml version="1.0" encoding="UTF-8"?>
<!-- Generated by org.testng.reporters.JUnitReportReporter -->
<testsuite hostname="VTIPL-H-PC249-L" failures="0" tests="1" name="com.mycompany.selenium.UrlTest" time="0.959" errors="0" timestamp="2024-08-23T10:28:15 IST" skipped="0">
  <testcase classname="com.mycompany.selenium.UrlTest" name="findAllLinks" time="0.959"/>
  <system-out/>
</testsuite> <!-- com.mycompany.selenium.UrlTest -->
