<?xml version="1.0" encoding="UTF-8"?>
<!-- Generated by org.testng.reporters.JUnitReportReporter -->
<testsuite hostname="VTIPL-H-PC249-L" failures="0" tests="5" name="com.restAssured.automaiton.GetOrderWithAccessToken" time="8.923" errors="0" timestamp="2024-08-06T19:32:09 IST" skipped="1">
  <testcase classname="com.restAssured.automaiton.GetOrderWithAccessToken" name="createAccessToken" time="6.292"/>
  <system-out/>
  <testcase classname="com.restAssured.automaiton.GetOrderWithAccessToken" name="getOrderJSONFile" time="1.216"/>
  <system-out/>
  <testcase classname="com.restAssured.automaiton.GetOrderWithAccessToken" name="readingJSONFile" time="0.002"/>
  <system-out/>
  <testcase classname="com.restAssured.automaiton.GetOrderWithAccessToken" name="getOrder" time="1.413"/>
  <system-out/>
  <testcase classname="com.restAssured.automaiton.GetOrderWithAccessToken" name="createOrder">
    <skipped/>
  </testcase> <!-- createOrder -->
  <system-out/>
</testsuite> <!-- com.restAssured.automaiton.GetOrderWithAccessToken -->
