<?xml version="1.0" encoding="UTF-8"?>
<!-- Generated by org.testng.reporters.JUnitReportReporter -->
<testsuite hostname="VTIPL-H-PC249-L" failures="0" tests="1" name="com.mycompany.selenium.DragDrop" time="19.459" errors="0" timestamp="2024-08-23T01:01:19 IST" skipped="0">
  <testcase classname="com.mycompany.selenium.DragDrop" name="dragDrop" time="19.459"/>
  <system-out/>
</testsuite> <!-- com.mycompany.selenium.DragDrop -->
