<?xml version="1.0" encoding="UTF-8"?>
<!-- Generated by org.testng.reporters.JUnitReportReporter -->
<testsuite hostname="VTIPL-H-PC249-L" failures="0" tests="1" name="com.mycompany.automation.TestNGClass2" time="0.023" errors="0" timestamp="2024-09-17T08:26:05 IST" skipped="0">
  <testcase classname="com.mycompany.automation.TestNGClass2" name="test4" time="0.023"/>
  <system-out/>
</testsuite> <!-- com.mycompany.automation.TestNGClass2 -->
