<?xml version="1.0" encoding="UTF-8"?>
<!-- Generated by org.testng.reporters.JUnitReportReporter -->
<testsuite hostname="VTIPL-H-PC249-L" failures="0" tests="1" name="com.restAssured.automaiton.Test1" time="2.190" errors="0" timestamp="2024-09-02T14:11:12 IST" skipped="0">
  <testcase classname="com.restAssured.automaiton.Test1" name="test1" time="2.190"/>
  <system-out/>
</testsuite> <!-- com.restAssured.automaiton.Test1 -->
