<?xml version="1.0" encoding="UTF-8"?>
<!-- Generated by org.testng.reporters.JUnitReportReporter -->
<testsuite hostname="VTIPL-H-PC249-L" failures="0" tests="1" name="com.mycompany.selenium.SelectMenuDemo" time="19.819" errors="0" timestamp="2024-08-20T00:33:11 IST" skipped="0">
  <testcase classname="com.mycompany.selenium.SelectMenuDemo" name="staleDemo" time="19.819"/>
  <system-out/>
</testsuite> <!-- com.mycompany.selenium.SelectMenuDemo -->
