<?xml version="1.0" encoding="UTF-8"?>
<!-- Generated by org.testng.reporters.JUnitReportReporter -->
<testsuite hostname="VTIPL-H-PC249-L" failures="0" tests="1" name="com.restAssured.automaiton.GetReqresDemoListUsers" time="2.330" errors="0" timestamp="2024-09-04T00:04:11 IST" skipped="0">
  <testcase classname="com.restAssured.automaiton.GetReqresDemoListUsers" name="getUsers" time="2.330"/>
  <system-out/>
</testsuite> <!-- com.restAssured.automaiton.GetReqresDemoListUsers -->
