<?xml version="1.0" encoding="UTF-8"?>
<!-- Generated by org.testng.reporters.JUnitReportReporter -->
<testsuite hostname="VTIPL-H-PC249-L" failures="0" tests="1" name="com.mycompany.selenium.FindAllLinks" time="10.806" errors="0" timestamp="2024-08-20T19:39:39 IST" skipped="0">
  <testcase classname="com.mycompany.selenium.FindAllLinks" name="staleDemo" time="10.806"/>
  <system-out/>
</testsuite> <!-- com.mycompany.selenium.FindAllLinks -->
