<?xml version="1.0" encoding="UTF-8"?>
<!-- Generated by org.testng.reporters.JUnitReportReporter -->
<testsuite hostname="VTIPL-H-PC249-L" failures="0" tests="1" name="com.mycompany.selenium.XpathDemo" time="12.192" errors="0" timestamp="2024-08-14T18:36:57 IST" skipped="0">
  <testcase classname="com.mycompany.selenium.XpathDemo" name="xpathVerification" time="12.192"/>
  <system-out/>
</testsuite> <!-- com.mycompany.selenium.XpathDemo -->
