<?xml version="1.0" encoding="UTF-8"?>
<!-- Generated by org.testng.reporters.JUnitReportReporter -->
<testsuite hostname="VTIPL-H-PC249-L" failures="0" tests="1" name="com.mycompany.selenium.WindowHandles" time="180.048" errors="0" timestamp="2024-08-22T23:33:58 IST" skipped="0">
  <testcase classname="com.mycompany.selenium.WindowHandles" name="authPopDemo" time="180.048"/>
  <system-out/>
</testsuite> <!-- com.mycompany.selenium.WindowHandles -->
