<?xml version="1.0" encoding="UTF-8"?>
<!-- Generated by org.testng.reporters.JUnitReportReporter -->
<testsuite hostname="VTIPL-H-PC249-L" failures="0" tests="1" name="com.mycompany.selenium.DragDrop" time="43.950" errors="0" timestamp="2024-08-21T23:44:20 IST" skipped="0">
  <testcase classname="com.mycompany.selenium.DragDrop" name="dragDrop" time="43.950"/>
  <system-out/>
</testsuite> <!-- com.mycompany.selenium.DragDrop -->
