<?xml version="1.0" encoding="UTF-8"?>
<!-- Generated by org.testng.reporters.JUnitReportReporter -->
<testsuite hostname="VTIPL-H-PC249-L" failures="0" tests="1" name="com.restAssured.automaiton.PostReqresCreateUser" time="3.952" errors="0" timestamp="2024-09-04T00:14:04 IST" skipped="0">
  <testcase classname="com.restAssured.automaiton.PostReqresCreateUser" name="getUsers" time="3.952"/>
  <system-out/>
</testsuite> <!-- com.restAssured.automaiton.PostReqresCreateUser -->
