<?xml version="1.0" encoding="UTF-8"?>
<!-- Generated by org.testng.reporters.JUnitReportReporter -->
<testsuite hostname="VTIPL-H-PC249-L" failures="0" tests="1" name="com.restAssured.automaiton.PostRegister" time="4.425" errors="0" timestamp="2025-02-10T16:27:28 IST" skipped="0">
  <testcase classname="com.restAssured.automaiton.PostRegister" name="createUser" time="4.425"/>
  <system-out/>
</testsuite> <!-- com.restAssured.automaiton.PostRegister -->
