<?xml version="1.0" encoding="UTF-8"?>
<!-- Generated by org.testng.reporters.JUnitReportReporter -->
<testsuite hostname="VTIPL-H-PC249-L" failures="0" tests="1" name="com.mycompany.selenium.BrokenURLs" time="26.394" errors="0" timestamp="2024-08-20T19:41:23 IST" skipped="0">
  <testcase classname="com.mycompany.selenium.BrokenURLs" name="staleDemo" time="26.394"/>
  <system-out/>
</testsuite> <!-- com.mycompany.selenium.BrokenURLs -->
