<?xml version="1.0" encoding="UTF-8"?>
<!-- Generated by org.testng.reporters.JUnitReportReporter -->
<testsuite hostname="VTIPL-H-PC249-L" failures="0" tests="1" name="com.restAssured.automaiton.ReqresDemoSite" time="2.602" errors="0" timestamp="2024-09-03T23:59:56 IST" skipped="0">
  <testcase classname="com.restAssured.automaiton.ReqresDemoSite" name="getUsers" time="2.602"/>
  <system-out/>
</testsuite> <!-- com.restAssured.automaiton.ReqresDemoSite -->
