<?xml version="1.0" encoding="UTF-8"?>
<!-- Generated by org.testng.reporters.JUnitReportReporter -->
<testsuite hostname="VTIPL-H-PC249-L" failures="0" tests="1" name="com.restAssured.automaiton.PostRegister" time="7.043" errors="0" timestamp="2024-09-05T15:20:51 IST" skipped="0">
  <testcase classname="com.restAssured.automaiton.PostRegister" name="createUser" time="7.043"/>
  <system-out/>
</testsuite> <!-- com.restAssured.automaiton.PostRegister -->
