<?xml version="1.0" encoding="UTF-8"?>
<!-- Generated by org.testng.reporters.JUnitReportReporter -->
<testsuite hostname="VTIPL-H-PC249-L" failures="0" tests="1" name="com.mycompany.selenium.AuthPopUP" time="12.765" errors="0" timestamp="2024-08-22T23:52:35 IST" skipped="0">
  <testcase classname="com.mycompany.selenium.AuthPopUP" name="authPopDemo" time="12.765"/>
  <system-out/>
</testsuite> <!-- com.mycompany.selenium.AuthPopUP -->
