<?xml version="1.0" encoding="UTF-8"?>
<!-- Generated by org.testng.reporters.JUnitReportReporter -->
<testsuite hostname="VTIPL-H-PC249-L" failures="0" tests="1" name="com.mycompany.selenium.BrokenURLs" time="40.904" errors="0" timestamp="2024-08-22T15:08:20 IST" skipped="0">
  <testcase classname="com.mycompany.selenium.BrokenURLs" name="brokenUrl" time="40.904"/>
  <system-out/>
</testsuite> <!-- com.mycompany.selenium.BrokenURLs -->
