<?xml version="1.0" encoding="UTF-8"?>
<!-- Generated by org.testng.reporters.JUnitReportReporter -->
<testsuite hostname="VTIPL-H-PC249-L" failures="0" tests="1" name="com.mycompany.selenium.BrokenURLs" time="22.190" errors="0" timestamp="2024-08-21T00:28:22 IST" skipped="0">
  <testcase classname="com.mycompany.selenium.BrokenURLs" name="brokenUrlDemo" time="22.190"/>
  <system-out/>
</testsuite> <!-- com.mycompany.selenium.BrokenURLs -->
