<?xml version="1.0" encoding="UTF-8"?>
<!-- Generated by org.testng.reporters.JUnitReportReporter -->
<testsuite hostname="VTIPL-H-PC249-L" failures="0" tests="2" name="com.mycompany.selenium.WithoutSendkeys" time="28.102" errors="0" timestamp="2024-08-22T13:53:53 IST" skipped="0">
  <testcase classname="com.mycompany.selenium.WithoutSendkeys" name="withoutSendKeys" time="20.169"/>
  <system-out/>
  <testcase classname="com.mycompany.selenium.WithoutSendkeys" name="checkBoxSelected" time="7.933"/>
  <system-out/>
</testsuite> <!-- com.mycompany.selenium.WithoutSendkeys -->
