<?xml version="1.0" encoding="UTF-8"?>
<!-- Generated by org.testng.reporters.JUnitReportReporter -->
<testsuite hostname="VTIPL-H-PC249-L" failures="0" tests="1" name="com.restAssured.automaiton.PostRequest" time="3.451" errors="0" timestamp="2024-09-03T09:34:54 IST" skipped="0">
  <testcase classname="com.restAssured.automaiton.PostRequest" name="createUserTest" time="3.451"/>
  <system-out/>
</testsuite> <!-- com.restAssured.automaiton.PostRequest -->
