<?xml version="1.0" encoding="UTF-8"?>
<!-- Generated by org.testng.reporters.JUnitReportReporter -->
<testsuite hostname="VTIPL-H-PC249-L" failures="0" tests="1" name="com.mycompany.selenium.UrlTest" time="1.164" errors="0" timestamp="2024-08-28T10:46:13 IST" skipped="0">
  <testcase classname="com.mycompany.selenium.UrlTest" name="findAllLinks" time="1.164"/>
  <system-out/>
</testsuite> <!-- com.mycompany.selenium.UrlTest -->
